0 info it worked if it ends with ok
1 verbose cli [ 'd:\\Program Files\\nodejs\\node.exe',
1 verbose cli   'd:\\Program Files\\nodejs\\node_modules\\npm\\bin\\npm-cli.js',
1 verbose cli   'install',
1 verbose cli   'requirejs-domready' ]
2 info using npm@1.2.32
3 info using node@v0.10.12
4 verbose read json c:\work\dojo\load-css\package.json
5 verbose read json c:\work\dojo\load-css\node_modules\mime\package.json
6 verbose read json c:\work\dojo\load-css\package.json
7 verbose cache add [ 'requirejs-domready', null ]
8 verbose cache add name=undefined spec="requirejs-domready" args=["requirejs-domready",null]
9 verbose parsed url { protocol: null,
9 verbose parsed url   slashes: null,
9 verbose parsed url   auth: null,
9 verbose parsed url   host: null,
9 verbose parsed url   port: null,
9 verbose parsed url   hostname: null,
9 verbose parsed url   hash: null,
9 verbose parsed url   search: null,
9 verbose parsed url   query: null,
9 verbose parsed url   pathname: 'requirejs-domready',
9 verbose parsed url   path: 'requirejs-domready',
9 verbose parsed url   href: 'requirejs-domready' }
10 silly lockFile 878e0872-requirejs-domready requirejs-domready
11 verbose lock requirejs-domready C:\Users\IBM_ADMIN\AppData\Roaming\npm-cache\878e0872-requirejs-domready.lock
12 silly lockFile 878e0872-requirejs-domready requirejs-domready
13 silly lockFile 878e0872-requirejs-domready requirejs-domready
14 verbose addNamed [ 'requirejs-domready', '' ]
15 verbose addNamed [ null, '' ]
16 silly lockFile 057fe607-requirejs-domready requirejs-domready@
17 verbose lock requirejs-domready@ C:\Users\IBM_ADMIN\AppData\Roaming\npm-cache\057fe607-requirejs-domready.lock
18 silly addNameRange { name: 'requirejs-domready', range: '', hasData: false }
19 verbose url raw requirejs-domready
20 verbose url resolving [ 'https://registry.npmjs.org/', './requirejs-domready' ]
21 verbose url resolved https://registry.npmjs.org/requirejs-domready
22 info trying registry request attempt 1 at 17:42:42
23 http GET https://registry.npmjs.org/requirejs-domready
24 http 404 https://registry.npmjs.org/requirejs-domready
25 silly registry.get cb [ 404,
25 silly registry.get   { date: 'Mon, 16 Jun 2014 15:42:42 GMT',
25 silly registry.get     server: 'CouchDB/1.5.0 (Erlang OTP/R14B04)',
25 silly registry.get     'content-type': 'application/json',
25 silly registry.get     'cache-control': 'max-age=0',
25 silly registry.get     'content-length': '52',
25 silly registry.get     'accept-ranges': 'bytes',
25 silly registry.get     via: '1.1 varnish',
25 silly registry.get     age: '0',
25 silly registry.get     'x-served-by': 'cache-fra1232-FRA',
25 silly registry.get     'x-cache': 'MISS',
25 silly registry.get     'x-cache-hits': '0',
25 silly registry.get     'x-timer': 'S1402933361.992663,VS0,VE99',
25 silly registry.get     'keep-alive': 'timeout=10, max=50',
25 silly registry.get     connection: 'Keep-Alive' } ]
26 silly lockFile 057fe607-requirejs-domready requirejs-domready@
27 silly lockFile 057fe607-requirejs-domready requirejs-domready@
28 error 404 'requirejs-domready' is not in the npm registry.
28 error 404 You should bug the author to publish it
28 error 404
28 error 404 Note that you can also install from a
28 error 404 tarball, folder, or http url, or git url.
29 error System Windows_NT 6.1.7601
30 error command "d:\\Program Files\\nodejs\\node.exe" "d:\\Program Files\\nodejs\\node_modules\\npm\\bin\\npm-cli.js" "install" "requirejs-domready"
31 error cwd c:\work\dojo\load-css
32 error node -v v0.10.12
33 error npm -v 1.2.32
34 error code E404
35 verbose exit [ 1, true ]
